<?xml version="1.0" encoding="UTF-8"?>
<!-- Generated by org.testng.reporters.JUnitReportReporter -->
<testsuite hostname="LTIN409109" failures="0" tests="2" name="Annotations.sample" time="0.016" errors="0" timestamp="2024-02-01T17:49:25 IST" skipped="0">
  <testcase classname="Annotations.sample" name="dataDriving" time="0.004"/>
  <system-out/>
  <testcase classname="Annotations.sample" name="dataDriving" time="0.012"/>
  <system-out/>
</testsuite> <!-- Annotations.sample -->
