<?xml version="1.0" encoding="UTF-8"?>
<!-- Generated by org.testng.reporters.JUnitReportReporter -->
<testsuite hostname="LTIN409109" failures="0" tests="1" name="Automation.Selenium.pageObjects" time="4.986" errors="0" timestamp="2024-01-31T15:56:52 IST" skipped="0">
  <testcase classname="Automation.Selenium.pageObjects" name="goToWebsite" time="4.986"/>
  <system-out/>
</testsuite> <!-- Automation.Selenium.pageObjects -->
