<?xml version="1.0" encoding="UTF-8"?>
<!-- Generated by org.testng.reporters.JUnitReportReporter -->
<testsuite hostname="LTIN409109" failures="0" tests="1" name="Automation.Selenium.commonWebMethods" time="4.826" errors="0" timestamp="2024-01-31T15:40:56 IST" skipped="0">
  <testcase classname="Automation.Selenium.commonWebMethods" name="initializeDriver" time="4.826"/>
  <system-out/>
</testsuite> <!-- Automation.Selenium.commonWebMethods -->
