<?xml version="1.0" encoding="UTF-8"?>
<!-- Generated by org.testng.reporters.JUnitReportReporter -->
<testsuite hostname="LTIN409109" failures="0" tests="1" name="Automation.Selenium.WebSiteAutomation" time="19.135" errors="0" timestamp="2024-02-01T12:40:28 IST" skipped="0">
  <testcase classname="Automation.Selenium.WebSiteAutomation" name="automationEndtoEnd" time="19.135"/>
  <system-out/>
</testsuite> <!-- Automation.Selenium.WebSiteAutomation -->
